SF:lib/helper.dart
DA:1,1
DA:3,0
DA:6,2
DA:10,0
DA:11,0
LF:5
LH:2
end_of_record
SF:lib/rules/alpha_numeric.dart
DA:10,1
DA:15,1
DA:17,1
DA:18,2
DA:19,1
DA:20,2
DA:22,0
DA:27,0
DA:28,0
LF:9
LH:6
end_of_record
SF:lib/rules/rule_protocol.dart
DA:3,0
LF:1
LH:0
end_of_record
SF:lib/rules/between.dart
DA:11,1
DA:17,1
DA:19,2
DA:21,2
DA:22,2
DA:23,2
DA:24,2
DA:25,1
DA:26,3
DA:28,0
DA:33,0
DA:34,0
LF:12
LH:9
end_of_record
SF:lib/rules/double.dart
DA:11,1
DA:12,1
DA:14,2
DA:16,1
DA:17,2
DA:19,0
DA:24,0
DA:25,0
LF:8
LH:5
end_of_record
SF:lib/rules/email.dart
DA:10,1
DA:15,1
DA:17,1
DA:20,2
DA:21,1
DA:22,2
DA:24,0
DA:29,0
DA:30,0
LF:9
LH:6
end_of_record
SF:lib/rules/ends_with.dart
DA:11,1
DA:17,1
DA:19,3
DA:20,1
DA:21,3
DA:23,0
DA:28,0
DA:29,0
LF:8
LH:5
end_of_record
SF:lib/rules/gt.dart
DA:11,1
DA:17,1
DA:19,2
DA:20,2
DA:22,1
DA:23,1
DA:24,3
DA:26,0
DA:31,0
DA:32,0
LF:10
LH:7
end_of_record
SF:lib/rules/gte.dart
DA:11,1
DA:17,1
DA:19,2
DA:20,2
DA:22,1
DA:23,1
DA:24,3
DA:26,0
DA:31,0
DA:32,0
LF:10
LH:7
end_of_record
SF:lib/rules/in.dart
DA:11,1
DA:17,1
DA:19,2
DA:20,2
DA:21,2
DA:22,1
DA:23,3
DA:25,0
DA:30,0
DA:31,0
LF:10
LH:7
end_of_record
SF:lib/rules/integer.dart
DA:11,1
DA:12,1
DA:14,2
DA:16,1
DA:17,2
DA:19,0
DA:24,0
DA:25,0
LF:8
LH:5
end_of_record
SF:lib/rules/ip.dart
DA:11,1
DA:12,1
DA:14,1
DA:18,2
DA:19,1
DA:20,2
DA:22,0
DA:27,0
DA:28,0
LF:9
LH:6
end_of_record
SF:lib/rules/lowercase.dart
DA:10,1
DA:16,1
DA:18,4
DA:19,1
DA:20,2
DA:22,0
DA:27,0
DA:28,0
LF:8
LH:5
end_of_record
SF:lib/rules/lt.dart
DA:11,1
DA:17,1
DA:19,2
DA:20,2
DA:22,1
DA:23,1
DA:24,3
DA:26,0
DA:31,0
DA:32,0
LF:10
LH:7
end_of_record
SF:lib/rules/lte.dart
DA:11,1
DA:17,1
DA:19,2
DA:20,2
DA:22,1
DA:23,1
DA:24,3
DA:26,0
DA:31,0
DA:32,0
LF:10
LH:7
end_of_record
SF:lib/rules/max.dart
DA:11,1
DA:17,1
DA:19,2
DA:21,3
DA:22,1
DA:23,3
DA:25,0
DA:30,0
DA:31,0
LF:9
LH:6
end_of_record
SF:lib/rules/min.dart
DA:11,1
DA:17,1
DA:19,2
DA:21,3
DA:22,1
DA:23,2
DA:25,0
DA:30,0
DA:31,0
LF:9
LH:6
end_of_record
SF:lib/rules/not_in.dart
DA:11,1
DA:17,1
DA:19,2
DA:20,2
DA:21,2
DA:22,1
DA:23,2
DA:25,0
DA:30,0
DA:31,0
LF:10
LH:7
end_of_record
SF:lib/rules/numeric.dart
DA:11,1
DA:12,1
DA:14,2
DA:16,1
DA:17,2
DA:19,0
DA:24,0
DA:25,0
LF:8
LH:5
end_of_record
SF:lib/rules/regex.dart
DA:11,1
DA:16,1
DA:18,2
DA:19,2
DA:20,1
DA:21,3
DA:23,0
DA:28,0
DA:29,0
LF:9
LH:6
end_of_record
SF:lib/rules/required.dart
DA:10,1
DA:11,1
DA:13,2
DA:14,1
DA:15,2
DA:17,0
DA:22,0
DA:23,0
LF:8
LH:5
end_of_record
SF:lib/rules/same.dart
DA:11,1
DA:16,1
DA:18,3
DA:19,1
DA:20,3
DA:22,0
DA:27,0
DA:28,0
LF:8
LH:5
end_of_record
SF:lib/rules/starts_with.dart
DA:11,1
DA:16,1
DA:18,3
DA:19,1
DA:20,3
DA:22,0
DA:27,0
DA:28,0
LF:8
LH:5
end_of_record
SF:lib/rules/uppercase.dart
DA:10,1
DA:16,1
DA:18,4
DA:19,1
DA:20,2
DA:22,0
DA:27,0
DA:28,0
LF:8
LH:5
end_of_record
SF:lib/rules/url.dart
DA:10,0
DA:15,0
DA:17,0
DA:18,0
DA:19,0
DA:20,0
DA:22,0
DA:27,0
DA:28,0
LF:9
LH:0
end_of_record
